<?xml version="1.0" encoding="UTF-8"?>
<testsuite name="org.jsoup.nodes.ElementTest" time="0.063" tests="91" errors="0" skipped="0" failures="0">
  <properties>
[...]
</properties>
  <testcase name="testFormatOutline" classname="org.jsoup.nodes.ElementTest" time="0"/>
  <testcase name="parentlessToString" classname="org.jsoup.nodes.ElementTest" time="0"/>
  <testcase name="insertChildrenArgumentValidation" classname="org.jsoup.nodes.ElementTest" time="0"/>
  <testcase name="testPrependElement" classname="org.jsoup.nodes.ElementTest" time="0"/>
  <testcase name="testOuterHtml" classname="org.jsoup.nodes.ElementTest" time="0"/>
  <testcase name="testHashcodeIsStableWithContentChanges" classname="org.jsoup.nodes.ElementTest" time="0"/>
  <testcase name="elementByTagName" classname="org.jsoup.nodes.ElementTest" time="0"/>
  <testcase name="testClonesClassnames" classname="org.jsoup.nodes.ElementTest" time="0"/>
  <testcase name="appendMustCorrectlyMoveChildrenInsideOneParentElement" classname="org.jsoup.nodes.ElementTest" time="0"/>
  <testcase name="before" classname="org.jsoup.nodes.ElementTest" time="0.001"/>
  <testcase name="testRemoveBeforeIndex" classname="org.jsoup.nodes.ElementTest" time="0"/>
  <testcase name="testChainedRemoveAttributes" classname="org.jsoup.nodes.ElementTest" time="0"/>
  <testcase name="booleanAttributeOutput" classname="org.jsoup.nodes.ElementTest" time="0"/>
  <testcase name="testAddNewHtml" classname="org.jsoup.nodes.ElementTest" time="0.001"/>
  <testcase name="testAddNewText" classname="org.jsoup.nodes.ElementTest" time="0"/>
  <testcase name="testGetElementById" classname="org.jsoup.nodes.ElementTest" time="0.004"/>
  <testcase name="testClone" classname="org.jsoup.nodes.ElementTest" time="0.002"/>
  <testcase name="testHtmlContainsOuter" classname="org.jsoup.nodes.ElementTest" time="0.001"/>
  <testcase name="testClassDomMethods" classname="org.jsoup.nodes.ElementTest" time="0"/>
  <testcase name="testWrap" classname="org.jsoup.nodes.ElementTest" time="0.001"/>
  <testcase name="testNamespacedElements" classname="org.jsoup.nodes.ElementTest" time="0.002"/>
  <testcase name="testClassNames" classname="org.jsoup.nodes.ElementTest" time="0"/>
  <testcase name="testElementSiblingIndex" classname="org.jsoup.nodes.ElementTest" time="0.001"/>
  <testcase name="testIs" classname="org.jsoup.nodes.ElementTest" time="0.004"/>
  <testcase name="testEmptyElementFormatHtml" classname="org.jsoup.nodes.ElementTest" time="0"/>
  <testcase name="testLoopedRemoveAttributes" classname="org.jsoup.nodes.ElementTest" time="0.001"/>
  <testcase name="testShadowElementsAreUpdated" classname="org.jsoup.nodes.ElementTest" time="0.003"/>
  <testcase name="testKeepsPreTextAtDepth" classname="org.jsoup.nodes.ElementTest" time="0.001"/>
  <testcase name="testGetElementsWithAttribute" classname="org.jsoup.nodes.ElementTest" time="0.001"/>
  <testcase name="testNoIndentOnScriptAndStyle" classname="org.jsoup.nodes.ElementTest" time="0"/>
  <testcase name="testAppendRowToTable" classname="org.jsoup.nodes.ElementTest" time="0.004"/>
  <testcase name="testGetElementsWithClass" classname="org.jsoup.nodes.ElementTest" time="0"/>
  <testcase name="testShallowClone" classname="org.jsoup.nodes.ElementTest" time="0.001"/>
  <testcase name="testWrapWithRemainder" classname="org.jsoup.nodes.ElementTest" time="0"/>
  <testcase name="testKeepsPreTextInCode" classname="org.jsoup.nodes.ElementTest" time="0.002"/>
  <testcase name="testHasClassDomMethods" classname="org.jsoup.nodes.ElementTest" time="0.001"/>
  <testcase name="testGetParents" classname="org.jsoup.nodes.ElementTest" time="0"/>
  <testcase name="testGetText" classname="org.jsoup.nodes.ElementTest" time="0.001"/>
  <testcase name="getElementsByTagName" classname="org.jsoup.nodes.ElementTest" time="0.001"/>
  <testcase name="testFormatHtml" classname="org.jsoup.nodes.ElementTest" time="0.001"/>
  <testcase name="testGetElementsWithAttributeValue" classname="org.jsoup.nodes.ElementTest" time="0"/>
  <testcase name="testWholeText" classname="org.jsoup.nodes.ElementTest" time="0.002"/>
  <testcase name="testGetElementsWithAttributeDash" classname="org.jsoup.nodes.ElementTest" time="0"/>
  <testcase name="testManipulateTextNodes" classname="org.jsoup.nodes.ElementTest" time="0.001"/>
  <testcase name="testChildThrowsIndexOutOfBoundsOnMissing" classname="org.jsoup.nodes.ElementTest" time="0"/>
  <testcase name="testPrependRowToTable" classname="org.jsoup.nodes.ElementTest" time="0"/>
  <testcase name="testGetTextNodes" classname="org.jsoup.nodes.ElementTest" time="0"/>
  <testcase name="after" classname="org.jsoup.nodes.ElementTest" time="0"/>
  <testcase name="testContainerOutput" classname="org.jsoup.nodes.ElementTest" time="0"/>
  <testcase name="testInnerHtml" classname="org.jsoup.nodes.ElementTest" time="0"/>
  <testcase name="testHasText" classname="org.jsoup.nodes.ElementTest" time="0"/>
  <testcase name="testGetDataNodes" classname="org.jsoup.nodes.ElementTest" time="0.001"/>
  <testcase name="testCssPath" classname="org.jsoup.nodes.ElementTest" time="0.001"/>
  <testcase name="testSetHtmlTitle" classname="org.jsoup.nodes.ElementTest" time="0.003"/>
  <testcase name="testChildrenElements" classname="org.jsoup.nodes.ElementTest" time="0.001"/>
  <testcase name="moveByAppend" classname="org.jsoup.nodes.ElementTest" time="0"/>
  <testcase name="testNormalisesText" classname="org.jsoup.nodes.ElementTest" time="0.001"/>
  <testcase name="testClassUpdates" classname="org.jsoup.nodes.ElementTest" time="0"/>
  <testcase name="testAddNewElement" classname="org.jsoup.nodes.ElementTest" time="0"/>
  <testcase name="testHashAndEqualsAndValue" classname="org.jsoup.nodes.ElementTest" time="0.003"/>
  <testcase name="testElementSiblingIndexSameContent" classname="org.jsoup.nodes.ElementTest" time="0"/>
  <testcase name="testGetChildText" classname="org.jsoup.nodes.ElementTest" time="0"/>
  <testcase name="testRelativeUrls" classname="org.jsoup.nodes.ElementTest" time="0"/>
  <testcase name="testSetIndent" classname="org.jsoup.nodes.ElementTest" time="0"/>
  <testcase name="testThrowsOnAddNullText" classname="org.jsoup.nodes.ElementTest" time="0"/>
  <testcase name="testGetSiblingsWithDuplicateContent" classname="org.jsoup.nodes.ElementTest" time="0.001"/>
  <testcase name="testNormalizesInvisiblesInText" classname="org.jsoup.nodes.ElementTest" time="0.003"/>
  <testcase name="insertChildrenAsCopy" classname="org.jsoup.nodes.ElementTest" time="0"/>
  <testcase name="testTagNameSet" classname="org.jsoup.nodes.ElementTest" time="0.001"/>
  <testcase name="dataset" classname="org.jsoup.nodes.ElementTest" time="0"/>
  <testcase name="testPrependText" classname="org.jsoup.nodes.ElementTest" time="0"/>
  <testcase name="testNormalizesNbspInText" classname="org.jsoup.nodes.ElementTest" time="0.001"/>
  <testcase name="testRemoveAfterIndex" classname="org.jsoup.nodes.ElementTest" time="0"/>
  <testcase name="testThrowsOnPrependNullText" classname="org.jsoup.nodes.ElementTest" time="0.001"/>
  <testcase name="testGetSiblings" classname="org.jsoup.nodes.ElementTest" time="0"/>
  <testcase name="testSetHtml" classname="org.jsoup.nodes.ElementTest" time="0"/>
  <testcase name="testSetText" classname="org.jsoup.nodes.ElementTest" time="0"/>
  <testcase name="testAddBooleanAttribute" classname="org.jsoup.nodes.ElementTest" time="0.001"/>
  <testcase name="textHasSpaceAfterBlockTags" classname="org.jsoup.nodes.ElementTest" time="0"/>
  <testcase name="whiteSpaceClassElement" classname="org.jsoup.nodes.ElementTest" time="0.003"/>
  <testcase name="classNamesAndAttributeNameIsCaseInsensitive" classname="org.jsoup.nodes.ElementTest" time="0.001"/>
  <testcase name="testPrependNewHtml" classname="org.jsoup.nodes.ElementTest" time="0"/>
  <testcase name="testRemovingEmptyClassAttributeWhenLastClassRemoved" classname="org.jsoup.nodes.ElementTest" time="0.001"/>
  <testcase name="testBrHasSpace" classname="org.jsoup.nodes.ElementTest" time="0"/>
  <testcase name="testKeepsPreText" classname="org.jsoup.nodes.ElementTest" time="0.001"/>
  <testcase name="testNotPretty" classname="org.jsoup.nodes.ElementTest" time="0"/>
  <testcase name="testNextElementSiblingAfterClone" classname="org.jsoup.nodes.ElementTest" time="0.001"/>
  <testcase name="testAppendTo" classname="org.jsoup.nodes.ElementTest" time="0"/>
  <testcase name="getNamespacedElementsByTag" classname="org.jsoup.nodes.ElementTest" time="0.001"/>
  <testcase name="insertChildrenAtPosition" classname="org.jsoup.nodes.ElementTest" time="0"/>
  <testcase name="elementIsNotASiblingOfItself" classname="org.jsoup.nodes.ElementTest" time="0"/>
</testsuite>