<?xml version="1.0" encoding="UTF-8"?>
<testsuite name="org.jsoup.integration.ConnectTest" time="1.681" tests="23" errors="0" skipped="5" failures="0">
  <properties>
[...]
</properties>
  <testcase name="multipleParsesOkAfterBufferUp" classname="org.jsoup.integration.ConnectTest" time="0.143"/>
  <testcase name="multiCookieSet" classname="org.jsoup.integration.ConnectTest" time="1.261"/>
  <testcase name="canInterruptBodyStringRead" classname="org.jsoup.integration.ConnectTest" time="0">
    <skipped/>
    <system-out><![CDATA[[DEBUG] fillInterested HttpConnection@67b939b4[FILLING,SelectChannelEndPoint@4d5b5f8d{/127.0.0.1:54572<->37701,Open,in,out,-,-,4/30000,HttpConnection}{io=0,kio=0,kro=1}][p=HttpParser{s=START,0 of -1},g=HttpGenerator{s=START},c=HttpChannelOverHttp@4964c7b8{r=2,c=false,a=IDLE,uri=}]
[DEBUG] FILLING-->FILLING_FILL_INTERESTED HttpConnection@67b939b4[FILLING_FILL_INTERESTED,SelectChannelEndPoint@4d5b5f8d{/127.0.0.1:54572<->37701,Open,in,out,-,-,4/30000,HttpConnection}{io=0,kio=0,kro=1}][p=HttpParser{s=START,0 of -1},g=HttpGenerator{s=START},c=HttpChannelOverHttp@4964c7b8{r=2,c=false,a=IDLE,uri=}]
[DEBUG] FILLING_FILL_INTERESTED-->FILL_INTERESTED HttpConnection@67b939b4[FILL_INTERESTED,SelectChannelEndPoint@4d5b5f8d{/127.0.0.1:54572<->37701,Open,in,out,-,-,5/30000,HttpConnection}{io=0,kio=0,kro=1}][p=HttpParser{s=START,0 of -1},g=HttpGenerator{s=START},c=HttpChannelOverHttp@4964c7b8{r=2,c=false,a=IDLE,uri=}]
[DEBUG] Local interests updating 0 -> 1 for SelectChannelEndPoint@4d5b5f8d{/127.0.0.1:54572<->37701,Open,in,out,R,-,0/30000,HttpConnection}{io=1,kio=0,kro=1}
[DEBUG] Queued change org.eclipse.jetty.io.SelectChannelEndPoint$1@1993ef3a
]]></system-out>
  </testcase>
  <testcase name="bodyAndBytesAvailableBeforeParse" classname="org.jsoup.integration.ConnectTest" time="0.011"/>
  <testcase name="parseParseThrowsValidates" classname="org.jsoup.integration.ConnectTest" time="0.006"/>
  <testcase name="totalTimeout" classname="org.jsoup.integration.ConnectTest" time="0">
    <skipped/>
  </testcase>
  <testcase name="fetchURIWithWihtespace" classname="org.jsoup.integration.ConnectTest" time="0.012"/>
  <testcase name="infiniteReadSupported" classname="org.jsoup.integration.ConnectTest" time="0">
    <skipped/>
  </testcase>
  <testcase name="sendsRequestBodyWithUrlParams" classname="org.jsoup.integration.ConnectTest" time="0.02"/>
  <testcase name="fetchURl" classname="org.jsoup.integration.ConnectTest" time="0.008"/>
  <testcase name="sendsRequestBody" classname="org.jsoup.integration.ConnectTest" time="0.022"/>
  <testcase name="bodyAfterParseThrowsValidationError" classname="org.jsoup.integration.ConnectTest" time="0.014"/>
  <testcase name="doesPost" classname="org.jsoup.integration.ConnectTest" time="0.016"/>
  <testcase name="supportsDeflate" classname="org.jsoup.integration.ConnectTest" time="0.025"/>
  <testcase name="canInterruptDocumentRead" classname="org.jsoup.integration.ConnectTest" time="0">
    <skipped/>
  </testcase>
  <testcase name="sendsRequestBodyJsonWithoutData" classname="org.jsoup.integration.ConnectTest" time="0.006"/>
  <testcase name="sendsRequestBodyJsonWithData" classname="org.jsoup.integration.ConnectTest" time="0.017"/>
  <testcase name="canConnectToLocalServer" classname="org.jsoup.integration.ConnectTest" time="0.016"/>
  <testcase name="doesGet" classname="org.jsoup.integration.ConnectTest" time="0.011"/>
  <testcase name="doesPut" classname="org.jsoup.integration.ConnectTest" time="0.037"/>
  <testcase name="exceptOnUnsupportedProtocol" classname="org.jsoup.integration.ConnectTest" time="0.001"/>
  <testcase name="postFiles" classname="org.jsoup.integration.ConnectTest" time="0.055"/>
  <testcase name="slowReadOk" classname="org.jsoup.integration.ConnectTest" time="0">
    <skipped/>
  </testcase>
</testsuite>